0 info it worked if it ends with ok
1 verbose cli [ '/usr/local/bin/node',
1 verbose cli   '/usr/local/bin/npm',
1 verbose cli   'install',
1 verbose cli   '-g',
1 verbose cli   'bower' ]
2 info using npm@2.5.1
3 info using node@v0.12.1
4 silly cache add args [ 'bower', null ]
5 verbose cache add spec bower
6 silly cache add parsed spec { raw: 'bower',
6 silly cache add   scope: null,
6 silly cache add   name: 'bower',
6 silly cache add   rawSpec: '',
6 silly cache add   spec: '*',
6 silly cache add   type: 'range' }
7 verbose addNamed bower@*
8 silly addNamed semver.valid null
9 silly addNamed semver.validRange *
10 silly addNameRange { name: 'bower', range: '*', hasData: false }
11 silly mapToRegistry name bower
12 silly mapToRegistry using default registry
13 silly mapToRegistry registry https://registry.npmjs.org/
14 silly mapToRegistry uri https://registry.npmjs.org/bower
15 verbose addNameRange registry:https://registry.npmjs.org/bower not in flight; fetching
16 verbose request uri https://registry.npmjs.org/bower
17 verbose request no auth needed
18 info attempt registry request try #1 at 10:45:25 AM
19 verbose request using bearer token for auth
20 verbose request id db14c5942b54b533
21 verbose etag "BJJLECJY7XG4TJNVUE528CEAO"
22 http request GET https://registry.npmjs.org/bower
23 http 200 https://registry.npmjs.org/bower
24 silly get cb [ 200,
24 silly get   { server: 'CouchDB/1.5.0 (Erlang OTP/R16B03)',
24 silly get     etag: '"ALX8XFSMHOTGLR1XWQRXBZ706"',
24 silly get     'content-type': 'application/json',
24 silly get     'cache-control': 'max-age=60',
24 silly get     'content-length': '120353',
24 silly get     'accept-ranges': 'bytes',
24 silly get     date: 'Tue, 22 Sep 2015 13:45:26 GMT',
24 silly get     via: '1.1 varnish',
24 silly get     connection: 'keep-alive',
24 silly get     'x-served-by': 'cache-iad2122-IAD',
24 silly get     'x-cache': 'MISS',
24 silly get     'x-cache-hits': '0',
24 silly get     'x-timer': 'S1442929526.460655,VS0,VE197',
24 silly get     vary: 'Accept' } ]
25 verbose get saving bower to /Users/rfviolato/.npm/registry.npmjs.org/bower/.cache.json
26 silly addNameRange number 2 { name: 'bower', range: '*', hasData: true }
27 silly addNameRange versions [ 'bower',
27 silly addNameRange   [ '0.1.0',
27 silly addNameRange     '0.1.2',
27 silly addNameRange     '0.1.3',
27 silly addNameRange     '0.2.0',
27 silly addNameRange     '0.3.0',
27 silly addNameRange     '0.3.1',
27 silly addNameRange     '0.3.2',
27 silly addNameRange     '0.4.0',
27 silly addNameRange     '0.5.0',
27 silly addNameRange     '0.5.1',
27 silly addNameRange     '0.6.0',
27 silly addNameRange     '0.6.1',
27 silly addNameRange     '0.6.2',
27 silly addNameRange     '0.6.3',
27 silly addNameRange     '0.6.4',
27 silly addNameRange     '0.6.5',
27 silly addNameRange     '0.6.6',
27 silly addNameRange     '0.6.7',
27 silly addNameRange     '0.6.8',
27 silly addNameRange     '0.7.0',
27 silly addNameRange     '0.7.1',
27 silly addNameRange     '0.8.0',
27 silly addNameRange     '0.8.1',
27 silly addNameRange     '0.8.2',
27 silly addNameRange     '0.8.3',
27 silly addNameRange     '0.8.4',
27 silly addNameRange     '0.8.5',
27 silly addNameRange     '0.8.6',
27 silly addNameRange     '0.9.0',
27 silly addNameRange     '0.9.1',
27 silly addNameRange     '0.9.2',
27 silly addNameRange     '0.10.0',
27 silly addNameRange     '1.0.0',
27 silly addNameRange     '1.0.1',
27 silly addNameRange     '1.0.2',
27 silly addNameRange     '1.0.3',
27 silly addNameRange     '1.1.0',
27 silly addNameRange     '1.1.1',
27 silly addNameRange     '1.1.2',
27 silly addNameRange     '1.2.0',
27 silly addNameRange     '1.2.1',
27 silly addNameRange     '1.2.2',
27 silly addNameRange     '1.2.3',
27 silly addNameRange     '1.2.4',
27 silly addNameRange     '1.2.5',
27 silly addNameRange     '1.2.6',
27 silly addNameRange     '1.2.7',
27 silly addNameRange     '1.2.8',
27 silly addNameRange     '1.3.0',
27 silly addNameRange     '1.3.1',
27 silly addNameRange     '1.3.2',
27 silly addNameRange     '1.3.3',
27 silly addNameRange     '1.3.4',
27 silly addNameRange     '1.3.5',
27 silly addNameRange     '1.3.6',
27 silly addNameRange     '1.3.7',
27 silly addNameRange     '1.3.8',
27 silly addNameRange     '1.3.9',
27 silly addNameRange     '1.3.10',
27 silly addNameRange     '1.3.11',
27 silly addNameRange     '1.3.12',
27 silly addNameRange     '1.4.0',
27 silly addNameRange     '1.4.1',
27 silly addNameRange     '1.5.0',
27 silly addNameRange     '1.5.1',
27 silly addNameRange     '1.5.2' ] ]
28 verbose addNamed bower@1.5.2
29 silly addNamed semver.valid 1.5.2
30 silly addNamed semver.validRange 1.5.2
31 silly cache afterAdd bower@1.5.2
32 verbose afterAdd /Users/rfviolato/.npm/bower/1.5.2/package/package.json not in flight; writing
33 verbose afterAdd /Users/rfviolato/.npm/bower/1.5.2/package/package.json written
34 silly install resolved [ { name: 'bower',
34 silly install resolved     version: '1.5.2',
34 silly install resolved     description: 'The browser package manager',
34 silly install resolved     author: { name: 'Twitter' },
34 silly install resolved     license: 'MIT',
34 silly install resolved     repository: { type: 'git', url: 'git+https://github.com/bower/bower.git' },
34 silly install resolved     main: 'lib',
34 silly install resolved     homepage: 'http://bower.io',
34 silly install resolved     engines: { node: '>=0.10.0' },
34 silly install resolved     dependencies:
34 silly install resolved      { abbrev: '^1.0.5',
34 silly install resolved        archy: '1.0.0',
34 silly install resolved        'bower-config': '^0.6.1',
34 silly install resolved        'bower-endpoint-parser': '^0.2.2',
34 silly install resolved        'bower-json': '^0.4.0',
34 silly install resolved        'bower-logger': '^0.2.2',
34 silly install resolved        'bower-registry-client': '^0.3.0',
34 silly install resolved        cardinal: '0.4.4',
34 silly install resolved        chalk: '^1.0.0',
34 silly install resolved        chmodr: '0.1.0',
34 silly install resolved        configstore: '^0.3.2',
34 silly install resolved        'decompress-zip': '^0.1.0',
34 silly install resolved        'deep-sort-object': '~0.1.1',
34 silly install resolved        fstream: '^1.0.3',
34 silly install resolved        'fstream-ignore': '^1.0.2',
34 silly install resolved        github: '^0.2.3',
34 silly install resolved        glob: '^4.3.2',
34 silly install resolved        'graceful-fs': '^3.0.5',
34 silly install resolved        handlebars: '^2.0.0',
34 silly install resolved        inquirer: '0.8.0',
34 silly install resolved        insight: '^0.5.0',
34 silly install resolved        'is-root': '^1.0.0',
34 silly install resolved        junk: '^1.0.0',
34 silly install resolved        lockfile: '^1.0.0',
34 silly install resolved        'lru-cache': '^2.5.0',
34 silly install resolved        mkdirp: '0.5.0',
34 silly install resolved        mout: '^0.11.0',
34 silly install resolved        nopt: '^3.0.1',
34 silly install resolved        opn: '^1.0.1',
34 silly install resolved        'p-throttler': '0.1.1',
34 silly install resolved        promptly: '0.2.0',
34 silly install resolved        q: '^1.1.2',
34 silly install resolved        request: '2.53.0',
34 silly install resolved        'request-progress': '0.3.1',
34 silly install resolved        retry: '0.6.1',
34 silly install resolved        rimraf: '^2.2.8',
34 silly install resolved        semver: '^2.3.0',
34 silly install resolved        'shell-quote': '^1.4.2',
34 silly install resolved        'stringify-object': '^1.0.0',
34 silly install resolved        'tar-fs': '^1.4.1',
34 silly install resolved        tmp: '0.0.24',
34 silly install resolved        'update-notifier': '^0.3.0',
34 silly install resolved        'user-home': '^1.1.0',
34 silly install resolved        which: '^1.0.8' },
34 silly install resolved     devDependencies:
34 silly install resolved      { chai: '^1.10.0',
34 silly install resolved        coveralls: '^2.11.2',
34 silly install resolved        'expect.js': '^0.3.1',
34 silly install resolved        grunt: '^0.4.5',
34 silly install resolved        'grunt-cli': '^0.1.13',
34 silly install resolved        'grunt-contrib-jshint': '^0.10.0',
34 silly install resolved        'grunt-contrib-watch': '^0.6.1',
34 silly install resolved        'grunt-exec': '^0.4.6',
34 silly install resolved        'grunt-simple-mocha': '^0.4.0',
34 silly install resolved        istanbul: '^0.3.5',
34 silly install resolved        'load-grunt-tasks': '^2.0.0',
34 silly install resolved        mocha: '^2.1.0',
34 silly install resolved        multiline: '^1.0.2',
34 silly install resolved        nock: '^0.56.0',
34 silly install resolved        'node-uuid': '^1.4.2',
34 silly install resolved        proxyquire: '^1.3.0',
34 silly install resolved        'spawn-sync': '^1.0.5' },
34 silly install resolved     scripts: { test: 'grunt test' },
34 silly install resolved     bin: { bower: 'bin/bower' },
34 silly install resolved     files: [ 'bin', 'lib', 'templates' ],
34 silly install resolved     gitHead: '64d990ba102c8491c474dd99605b9a9725e62cbb',
34 silly install resolved     bugs: { url: 'https://github.com/bower/bower/issues' },
34 silly install resolved     _id: 'bower@1.5.2',
34 silly install resolved     _shasum: 'be291d6c36f1740779abff1c61aca5633e265327',
34 silly install resolved     _from: 'bower@*',
34 silly install resolved     _npmVersion: '2.11.3',
34 silly install resolved     _nodeVersion: '0.12.7',
34 silly install resolved     _npmUser: { name: 'sheerun', email: 'sheerun@sher.pl' },
34 silly install resolved     dist:
34 silly install resolved      { shasum: 'be291d6c36f1740779abff1c61aca5633e265327',
34 silly install resolved        tarball: 'http://registry.npmjs.org/bower/-/bower-1.5.2.tgz' },
34 silly install resolved     maintainers: [ [Object], [Object], [Object], [Object], [Object], [Object] ],
34 silly install resolved     directories: {},
34 silly install resolved     _resolved: 'https://registry.npmjs.org/bower/-/bower-1.5.2.tgz',
34 silly install resolved     readme: 'ERROR: No README data found!' } ]
35 info install bower@1.5.2 into /usr/local/lib
36 info installOne bower@1.5.2
37 verbose installOne of bower to /usr/local/lib not in flight; installing
38 verbose lock using /Users/rfviolato/.npm/_locks/bower-e8debc5417026b57.lock for /usr/local/lib/node_modules/bower
39 silly install write writing bower 1.5.2 to /usr/local/lib/node_modules/bower
40 silly cache addNamed cb bower@1.5.2
41 verbose unbuild lib/node_modules/bower
42 info preuninstall bower@1.4.1
43 info uninstall bower@1.4.1
44 verbose unbuild rmStuff bower@1.4.1 from /usr/local/lib/node_modules
45 verbose gentlyRm verifying that /usr/local is managed by npm
46 silly isManaged /usr/local is not inside /usr/local/lib/node_modules
47 silly isManaged /usr/local is not inside /usr/local/lib/node_modules
48 silly isManaged /usr/local/bin is inside /usr/local
49 silly gentlyRm /usr/local is managed by npm
50 silly gentlyRm /usr/local/bin/bower is under /usr/local
51 verbose gentlyRm vacuuming /usr/local/bin/bower up to /usr/local
52 silly gentlyRm removing /usr/local/bin/bower
53 silly gentlyRm quitting because other entries in /usr/local/bin
54 info postuninstall bower@1.4.1
55 verbose gentlyRm vacuuming /usr/local/lib/node_modules/bower
56 silly gentlyRm purging /usr/local/lib/node_modules/bower
57 verbose unlock done using /Users/rfviolato/.npm/_locks/bower-e8debc5417026b57.lock for /usr/local/lib/node_modules/bower
58 verbose stack Error: EACCES, unlink '/usr/local/lib/node_modules/bower'
58 verbose stack     at Error (native)
59 verbose cwd /Users/rfviolato/Code/rviolato.com
60 error Darwin 14.4.0
61 error argv "/usr/local/bin/node" "/usr/local/bin/npm" "install" "-g" "bower"
62 error node v0.12.1
63 error npm  v2.5.1
64 error path /usr/local/lib/node_modules/bower
65 error code EACCES
66 error errno -13
67 error Error: EACCES, unlink '/usr/local/lib/node_modules/bower'
67 error     at Error (native)
67 error  { [Error: EACCES, unlink '/usr/local/lib/node_modules/bower']
67 error   errno: -13,
67 error   code: 'EACCES',
67 error   path: '/usr/local/lib/node_modules/bower' }
68 error Please try running this command again as root/Administrator.
69 verbose exit [ -13, true ]
70 verbose unbuild lib/node_modules/bower
71 info preuninstall bower@1.4.1
72 info uninstall bower@1.4.1
73 verbose unbuild rmStuff bower@1.4.1 from /usr/local/lib/node_modules
74 verbose gentlyRm verifying that /usr/local is managed by npm
75 silly isManaged /usr/local is not inside /usr/local/lib/node_modules
76 silly isManaged /usr/local is not inside /usr/local/lib/node_modules
77 silly isManaged /usr/local is not inside /usr/local/bin
78 silly isManaged /usr/local is inside /usr/local
79 silly gentlyRm /usr/local is managed by npm
80 silly gentlyRm /usr/local/bin/bower is under /usr/local
81 verbose gentlyRm vacuuming /usr/local/bin/bower up to /usr/local
82 info postuninstall bower@1.4.1
83 verbose gentlyRm vacuuming /usr/local/lib/node_modules/bower
84 silly gentlyRm purging /usr/local/lib/node_modules/bower
85 error error rolling back Error: EACCES, unlink '/usr/local/lib/node_modules/bower'
85 error error rolling back     at Error (native)
85 error error rolling back  { [Error: EACCES, unlink '/usr/local/lib/node_modules/bower']
85 error error rolling back   errno: -13,
85 error error rolling back   code: 'EACCES',
85 error error rolling back   path: '/usr/local/lib/node_modules/bower' }
